Looking for git in: git
Using git 2.20.1 from git
> git rev-parse --git-dir
Open repository: /home/jesusb/Documentos/blog5
> git status -z -u
> git symbolic-ref --short HEAD
> git rev-parse main
> git rev-parse --symbolic-full-name main@{u}
> git rev-list --left-right main...refs/remotes/origin/main
> git for-each-ref --sort -committerdate --format %(refname) %(objectname)
> git remote --verbose
> git config --get commit.template
> git check-ignore -v -z --stdin
> git show --textconv :app/models/article.rb
> git ls-files --stage -- /home/jesusb/Documentos/blog5/app/models/article.rb
> git cat-file -s 44580b836a4c9b3c7507fd08efe545b76157f0b3
> git check-ignore -v -z --stdin
> git check-ignore -v -z --stdin
> git check-ignore -v -z --stdin
> git status -z -u
> git symbolic-ref --short HEAD
> git rev-parse main
> git rev-parse --symbolic-full-name main@{u}
> git ls-files --stage -- /home/jesusb/Documentos/blog5/app/models/article.rb
> git rev-list --left-right main...refs/remotes/origin/main
> git cat-file -s 44580b836a4c9b3c7507fd08efe545b76157f0b3
> git for-each-ref --sort -committerdate --format %(refname) %(objectname)
> git remote --verbose
> git show --textconv :app/models/article.rb
> git config --get commit.template
